mode: set
backpack-bcgow6-franco-niz/desafio_testing/internal/products/service.go:13.42,17.2 1 1
backpack-bcgow6-franco-niz/desafio_testing/internal/products/service.go:19.70,21.16 2 1
backpack-bcgow6-franco-niz/desafio_testing/internal/products/service.go:25.2,25.18 1 1
backpack-bcgow6-franco-niz/desafio_testing/internal/products/service.go:21.16,24.3 2 1
backpack-bcgow6-franco-niz/desafio_testing/internal/products/test_models.go:10.41,12.2 1 1
backpack-bcgow6-franco-niz/desafio_testing/internal/products/test_models.go:14.77,24.2 2 1
backpack-bcgow6-franco-niz/desafio_testing/internal/products/test_models.go:28.43,30.2 1 1
backpack-bcgow6-franco-niz/desafio_testing/internal/products/test_models.go:32.78,34.2 1 1
backpack-bcgow6-franco-niz/desafio_testing/internal/products/handler.go:11.37,15.2 1 1
backpack-bcgow6-franco-niz/desafio_testing/internal/products/handler.go:17.49,19.20 2 1
backpack-bcgow6-franco-niz/desafio_testing/internal/products/handler.go:23.2,24.16 2 1
backpack-bcgow6-franco-niz/desafio_testing/internal/products/handler.go:28.2,28.25 1 1
backpack-bcgow6-franco-niz/desafio_testing/internal/products/handler.go:19.20,22.3 2 1
backpack-bcgow6-franco-niz/desafio_testing/internal/products/handler.go:24.16,27.3 2 1
backpack-bcgow6-franco-niz/desafio_testing/internal/products/repository.go:9.33,11.2 1 1
backpack-bcgow6-franco-niz/desafio_testing/internal/products/repository.go:13.73,22.2 3 1
